[Licensing::Module] Trying to connect to existing licensing client channel...
Built from '6000.2/respin/6000.2.8f1-e4064264ae96' branch; Version is '6000.2.8f1 (c9992ac36c34) revision 13211946'; Using compiler version '194234433'; Build Type 'Release'
[Licensing::IpcConnector] Successfully connected to: "LicenseClient-Czarbek" at "2025-11-19T04:51:02.5069444Z"
OS: 'Windows 11  (10.0.26100) 64bit Core' Language: 'ja' Physical Memory: 15752 MB
BatchMode: 1, IsHumanControllingUs: 0, StartBugReporterOnCrash: 0, Is64bit: 1
Date: 2025-11-19T04:51:02Z

COMMAND LINE ARGUMENTS:
C:\Program Files\Unity\Hub\Editor\6000.2.8f1\Editor\Unity.exe
-adb2
-batchMode
-noUpm
-name
AssetImportWorker3
-projectPath
C:/Users/Czarbek/Desktop/Boomerang
-logFile
Logs/AssetImportWorker3.log
-srvPort
54891
-licensingIpc
LicenseClient-Czarbek
-job-worker-count
7
-background-job-worker-count
8
-gc-helper-count
1
-name
AssetImport
Successfully changed project path to: C:/Users/Czarbek/Desktop/Boomerang
C:/Users/Czarbek/Desktop/Boomerang
[UnityMemory] Configuration Parameters - Can be set up in boot.config
    "memorysetup-allocator-temp-initial-block-size-main=262144"
    "memorysetup-allocator-temp-initial-block-size-worker=262144"
    "memorysetup-bucket-allocator-granularity=16"
    "memorysetup-bucket-allocator-bucket-count=8"
    "memorysetup-bucket-allocator-block-size=33554432"
    "memorysetup-bucket-allocator-block-count=8"
    "memorysetup-main-allocator-block-size=16777216"
    "memorysetup-thread-allocator-block-size=16777216"
    "memorysetup-gfx-main-allocator-block-size=16777216"
    "memorysetup-gfx-thread-allocator-block-size=16777216"
    "memorysetup-cache-allocator-block-size=4194304"
    "memorysetup-typetree-allocator-block-size=2097152"
    "memorysetup-profiler-bucket-allocator-granularity=16"
    "memorysetup-profiler-bucket-allocator-bucket-count=8"
    "memorysetup-profiler-bucket-allocator-block-size=33554432"
    "memorysetup-profiler-bucket-allocator-block-count=8"
    "memorysetup-profiler-allocator-block-size=16777216"
    "memorysetup-profiler-editor-allocator-block-size=1048576"
    "memorysetup-temp-allocator-size-main=16777216"
    "memorysetup-job-temp-allocator-block-size=2097152"
    "memorysetup-job-temp-allocator-block-size-background=1048576"
    "memorysetup-job-temp-allocator-reduction-small-platforms=262144"
    "memorysetup-temp-allocator-size-background-worker=32768"
    "memorysetup-temp-allocator-size-job-worker=262144"
    "memorysetup-temp-allocator-size-preload-manager=33554432"
    "memorysetup-temp-allocator-size-nav-mesh-worker=65536"
    "memorysetup-temp-allocator-size-audio-worker=65536"
    "memorysetup-temp-allocator-size-cloud-worker=32768"
    "memorysetup-temp-allocator-size-gi-baking-worker=262144"
    "memorysetup-temp-allocator-size-gi-baking-worker=262144"
    "memorysetup-temp-allocator-size-gi-baking-worker=262144"
    "memorysetup-temp-allocator-size-gi-baking-worker=262144"
    "memorysetup-temp-allocator-size-gi-baking-worker=262144"
    "memorysetup-temp-allocator-size-gfx=262144"
Player connection [19772]  Target information:

Player connection [19772]  * "[IP] 10.64.3.76 [Port] 0 [Flags] 2 [Guid] 1244131879 [EditorId] 1244131879 [Version] 1048832 [Id] WindowsEditor(7,スラブツァーリズム) [Debug] 1 [PackageName] WindowsEditor [ProjectName] Editor" 

Player connection [19772] Host joined multi-casting on [225.0.0.222:54997]...
Player connection [19772] Host joined alternative multi-casting on [225.0.0.222:34997]...
JobSystem: Creating JobQueue using job-worker-count value 7
Input System module state changed to: Initialized.
[Physics::Module] Initialized fallback backend.
[Physics::Module] Id: 0xdecafbad
Library Redirect Path: Library/
[Licensing::Client] Code 10 while verifying Licensing Client signature (process Id: 12964, path: "C:/Program Files/Unity Hub/UnityLicensingClient_V1/Unity.Licensing.Client.exe")
[Licensing::Module] LicensingClient has failed validation; ignoring
[Licensing::Client] Error: HandshakeResponse reported an error:
	ResponseCode: 505
	ResponseStatus: Unsupported protocol version '1.17.2'.
[Licensing::Module] Error: Failed to handshake to channel: "LicenseClient-Czarbek"
[Licensing::IpcConnector] LicenseClient-Czarbek channel disconnected successfully.
[Licensing::IpcConnector] Successfully connected to: "LicenseClient-Czarbek-6000.2.8" at "2025-11-19T04:51:02.657253Z"
[Physics::Module] Selected backend.
[Physics::Module] Name: PhysX
[Physics::Module] Id: 0xf2b8ea05
[Physics::Module] SDK Version: 4.1.2
[Physics::Module] Integration Version: 1.0.0
[Physics::Module] Threading Mode: Multi-Threaded
[Licensing::Module] Licensing is not yet initialized.
[Licensing::Client] Code 10 while verifying Licensing Client signature (process Id: 10208, path: "C:/Program Files/Unity/Hub/Editor/6000.2.8f1/Editor/Data/Resources/Licensing/Client/Unity.Licensing.Client.exe")
[Licensing::Module] LicensingClient has failed validation; ignoring
[Licensing::Client] Handshaking with LicensingClient:
  Version:                 1.17.2+ff71f16
  Session Id:              4bfe631f41944676a4c7b6e9333ba250
  Correlation Id:          e7ccced43dbe8af2bf0f5bc6319b9f89
  External correlation Id: 4111818765306477378
  Machine Id:              OmeqQOdQg21sbgpP65UuT/g5NKQ=
[Licensing::Module] Successfully connected to LicensingClient on channel: "LicenseClient-Czarbek-6000.2.8" (connect: 0.00s, validation: 0.01s, handshake: 0.06s)
[Licensing::IpcConnector] Successfully connected to: "LicenseClient-Czarbek-6000.2.8-notifications" at "2025-11-19T04:51:02.7185369Z"
[Licensing::Module] Licensing Background thread has ended after 0.21s
[Licensing::Module] Licensing is initialized (took 0.02s).
[Licensing::Client] Successfully resolved entitlement details
[Licensing::Module] License group:
  Id: F4-4ZQ3-P8RZ-UC5X-CAZP-XXXX
  Product: Unity Personal
  Type: ULF
  Expiration: Unlimited
[Licensing::Module] License group:
  Id: 15668189399079-UnityPersXXXX
  Product: Unity Personal
  Type: Assigned
  Expiration: Unlimited
Refreshing native plugins compatible for Editor in 15.62 ms, found 4 plugins.
Preloading 0 native plugins for Editor in 0.00 ms.
Initialize engine version: 6000.2.8f1 (c9992ac36c34)
[Subsystems] Discovering subsystems at path C:/Program Files/Unity/Hub/Editor/6000.2.8f1/Editor/Data/Resources/UnitySubsystems
[Subsystems] Discovering subsystems at path C:/Users/Czarbek/Desktop/Boomerang/Assets
GfxDevice: creating device client; kGfxThreadingModeNonThreaded
Direct3D:
    Version:  Direct3D 11.0 [level 11.1]
    Renderer: AMD Radeon(TM) Graphics (ID=0x164c)
    Vendor:   ATI
    VRAM:     7876 MB
    Driver:   30.0.13016.3
Initialize mono
Mono path[0] = 'C:/Program Files/Unity/Hub/Editor/6000.2.8f1/Editor/Data/Managed'
Mono path[1] = 'C:/Program Files/Unity/Hub/Editor/6000.2.8f1/Editor/Data/MonoBleedingEdge/lib/mono/unityjit-win32'
Mono config path = 'C:/Program Files/Unity/Hub/Editor/6000.2.8f1/Editor/Data/MonoBleedingEdge/etc'
Using monoOptions --debugger-agent=transport=dt_socket,embedding=1,server=y,suspend=n,address=127.0.0.1:56024
Begin MonoManager ReloadAssembly
Registering precompiled unity dll's ...
Register platform support module: C:/Program Files/Unity/Hub/Editor/6000.2.8f1/Editor/Data/PlaybackEngines/WindowsStandaloneSupport/UnityEditor.WindowsStandalone.Extensions.dll
Register platform support module: C:/Program Files/Unity/Hub/Editor/6000.2.8f1/Editor/Data/PlaybackEngines/AndroidPlayer/UnityEditor.Android.Extensions.dll
Registered in 0.005085 seconds.
- Loaded All Assemblies, in  1.182 seconds
Native extension for Android target not found
Android Extension - Scanning For ADB Devices 556 ms
Native extension for WindowsStandalone target not found
Mono: successfully reloaded assembly
- Finished resetting the current domain, in  1.342 seconds
Domain Reload Profiling: 2521ms
	BeginReloadAssembly (348ms)
		ExecutionOrderSort (0ms)
		DisableScriptedObjects (0ms)
		BackupInstance (0ms)
		ReleaseScriptingObjects (0ms)
		CreateAndSetChildDomain (1ms)
	RebuildCommonClasses (76ms)
	RebuildNativeTypeToScriptingClass (19ms)
	initialDomainReloadingComplete (104ms)
	LoadAllAssembliesAndSetupDomain (630ms)
		LoadAssemblies (346ms)
		RebuildTransferFunctionScriptingTraits (0ms)
		AnalyzeDomain (624ms)
			TypeCache.Refresh (621ms)
				TypeCache.ScanAssembly (598ms)
			BuildScriptInfoCaches (0ms)
			ResolveRequiredComponents (1ms)
	FinalizeReload (1343ms)
		ReleaseScriptCaches (0ms)
		RebuildScriptCaches (0ms)
		SetupLoadedEditorAssemblies (1256ms)
			LogAssemblyErrors (0ms)
			InitializePlatformSupportModulesInManaged (717ms)
			SetLoadedEditorAssemblies (7ms)
			BeforeProcessingInitializeOnLoad (141ms)
			ProcessInitializeOnLoadAttributes (256ms)
			ProcessInitializeOnLoadMethodAttributes (133ms)
			AfterProcessingInitializeOnLoad (0ms)
			EditorAssembliesLoaded (0ms)
		ExecutionOrderSort2 (0ms)
		AwakeInstancesAfterBackupRestoration (0ms)
========================================================================
Worker process is ready to serve import requests
Import Worker Mode flag is 0x00
Begin MonoManager ReloadAssembly
[Licensing::Client] Successfully resolved entitlement details
[Licensing::Module] License group:
  Id: F4-4ZQ3-P8RZ-UC5X-CAZP-XXXX
  Product: Unity Personal
  Type: ULF
  Expiration: Unlimited
[Licensing::Module] License group:
  Id: 15668189399079-UnityPersXXXX
  Product: Unity Personal
  Type: Assigned
  Expiration: Unlimited
- Loaded All Assemblies, in  1.594 seconds
Refreshing native plugins compatible for Editor in 2.60 ms, found 4 plugins.
Native extension for Android target not found
Native extension for WindowsStandalone target not found
Package Manager log level set to [2]
[Package Manager] Failed to launch server process. Reason: Unity was launched with the -noUpm command-line argument
[Package Manager] Unable to send message (not connected to server process).
[Package Manager] Cannot connect to Unity Package Manager local server
Mono: successfully reloaded assembly
- Finished resetting the current domain, in  1.053 seconds
Domain Reload Profiling: 2644ms
	BeginReloadAssembly (364ms)
		ExecutionOrderSort (0ms)
		DisableScriptedObjects (14ms)
		BackupInstance (0ms)
		ReleaseScriptingObjects (0ms)
		CreateAndSetChildDomain (84ms)
	RebuildCommonClasses (58ms)
	RebuildNativeTypeToScriptingClass (18ms)
	initialDomainReloadingComplete (61ms)
	LoadAllAssembliesAndSetupDomain (1087ms)
		LoadAssemblies (698ms)
		RebuildTransferFunctionScriptingTraits (0ms)
		AnalyzeDomain (572ms)
			TypeCache.Refresh (476ms)
				TypeCache.ScanAssembly (442ms)
			BuildScriptInfoCaches (79ms)
			ResolveRequiredComponents (10ms)
	FinalizeReload (1055ms)
		ReleaseScriptCaches (0ms)
		RebuildScriptCaches (0ms)
		SetupLoadedEditorAssemblies (844ms)
			LogAssemblyErrors (0ms)
			InitializePlatformSupportModulesInManaged (19ms)
			SetLoadedEditorAssemblies (5ms)
			BeforeProcessingInitializeOnLoad (250ms)
			ProcessInitializeOnLoadAttributes (491ms)
			ProcessInitializeOnLoadMethodAttributes (72ms)
			AfterProcessingInitializeOnLoad (8ms)
			EditorAssembliesLoaded (0ms)
		ExecutionOrderSort2 (0ms)
		AwakeInstancesAfterBackupRestoration (8ms)
Launched and connected shader compiler UnityShaderCompiler.exe after 0.02 seconds
Refreshing native plugins compatible for Editor in 2.51 ms, found 4 plugins.
Preloading 0 native plugins for Editor in 0.00 ms.
Unloading 0 Unused Serialized files (Serialized files now loaded: 0)
Unloading 4537 unused Assets / (1.0 MB). Loaded Objects now: 5043.
Memory consumption went from 87.7 MB to 86.7 MB.
Total: 14.246000 ms (FindLiveObjects: 1.009300 ms CreateObjectMapping: 1.034500 ms MarkObjects: 9.582600 ms  DeleteObjects: 2.615500 ms)

========================================================================
Received Import Request.
  Time since last request: 330408.390692 seconds.
  path: Assets/Resources/se_09.wav
  artifactKey: Guid(537c2528259c9a046aa61934b4e2ca44) Importer(815301076,1909f56bfc062723c751e8b465ee728b)
Start importing Assets/Resources/se_09.wav using Guid(537c2528259c9a046aa61934b4e2ca44) Importer(815301076,1909f56bfc062723c751e8b465ee728b) (PreviewImporter) -> (artifact id: '021fe393634158d63eab5c14336104af') in 0.278141 seconds
Number of updated asset objects reloaded before import = 0Number of asset objects unloaded after import = 2

========================================================================
Received Import Request.
  Time since last request: 0.000064 seconds.
  path: Assets/Resources/BossLeafBlur2.png
  artifactKey: Guid(2735d20c65a1c9c4ab0dc2ae0a77db09) Importer(815301076,1909f56bfc062723c751e8b465ee728b)
Start importing Assets/Resources/BossLeafBlur2.png using Guid(2735d20c65a1c9c4ab0dc2ae0a77db09) Importer(815301076,1909f56bfc062723c751e8b465ee728b) (PreviewImporter) -> (artifact id: '9517e1619f60013c2cac44192576c0e0') in 0.1146185 seconds
Number of updated asset objects reloaded before import = 0Number of asset objects unloaded after import = 3

========================================================================
Received Import Request.
  Time since last request: 0.000043 seconds.
  path: Assets/Resources/button_stage03.png
  artifactKey: Guid(5c683d0164b9c4046aab9839e71960fa) Importer(815301076,1909f56bfc062723c751e8b465ee728b)
Start importing Assets/Resources/button_stage03.png using Guid(5c683d0164b9c4046aab9839e71960fa) Importer(815301076,1909f56bfc062723c751e8b465ee728b) (PreviewImporter) -> (artifact id: 'd6a4a101b8038cbdfb4a22910e3151de') in 0.0656171 seconds
Number of updated asset objects reloaded before import = 0Number of asset objects unloaded after import = 3

========================================================================
Received Import Request.
  Time since last request: 0.000031 seconds.
  path: Assets/Resources/bgm_03.mp3
  artifactKey: Guid(7256ead22898e404d80cb16fb753059a) Importer(815301076,1909f56bfc062723c751e8b465ee728b)
Start importing Assets/Resources/bgm_03.mp3 using Guid(7256ead22898e404d80cb16fb753059a) Importer(815301076,1909f56bfc062723c751e8b465ee728b) (PreviewImporter) -> (artifact id: '2fecbc211eb4c0eb816e1ccc86373e33') in 0.0350354 seconds
Number of updated asset objects reloaded before import = 0Number of asset objects unloaded after import = 2

========================================================================
Received Import Request.
  Time since last request: 0.000028 seconds.
  path: Assets/Resources/attack_aqua.png
  artifactKey: Guid(b706934164f60d141a9c8ba6fb9d9d13) Importer(815301076,1909f56bfc062723c751e8b465ee728b)
Start importing Assets/Resources/attack_aqua.png using Guid(b706934164f60d141a9c8ba6fb9d9d13) Importer(815301076,1909f56bfc062723c751e8b465ee728b) (PreviewImporter) -> (artifact id: 'f1e3026e8708e23bcb8e3ac214822084') in 0.0752756 seconds
Number of updated asset objects reloaded before import = 0Number of asset objects unloaded after import = 3

========================================================================
Received Import Request.
  Time since last request: 0.000056 seconds.
  path: Assets/Resources/bgm_01.mp3
  artifactKey: Guid(cb3aefcb28672b0478dc9896675c197d) Importer(815301076,1909f56bfc062723c751e8b465ee728b)
Start importing Assets/Resources/bgm_01.mp3 using Guid(cb3aefcb28672b0478dc9896675c197d) Importer(815301076,1909f56bfc062723c751e8b465ee728b) (PreviewImporter) -> (artifact id: '62f52db0896e05ff856393e7b3d059eb') in 0.0473273 seconds
Number of updated asset objects reloaded before import = 0Number of asset objects unloaded after import = 2

========================================================================
Received Import Request.
  Time since last request: 0.000180 seconds.
  path: Assets/Resources/button_start.png
  artifactKey: Guid(8cd2007b8f7381e4bbb75fc81e0b9945) Importer(815301076,1909f56bfc062723c751e8b465ee728b)
Start importing Assets/Resources/button_start.png using Guid(8cd2007b8f7381e4bbb75fc81e0b9945) Importer(815301076,1909f56bfc062723c751e8b465ee728b) (PreviewImporter) -> (artifact id: '21606cfea6b373f80d758c84d572bf33') in 0.0534444 seconds
Number of updated asset objects reloaded before import = 0Number of asset objects unloaded after import = 3

========================================================================
Received Import Request.
  Time since last request: 0.000047 seconds.
  path: Assets/Resources/eC_fire.png
  artifactKey: Guid(4f0445cfda55eeb4f9bb8635bc9961b2) Importer(815301076,1909f56bfc062723c751e8b465ee728b)
Start importing Assets/Resources/eC_fire.png using Guid(4f0445cfda55eeb4f9bb8635bc9961b2) Importer(815301076,1909f56bfc062723c751e8b465ee728b) (PreviewImporter) -> (artifact id: 'bffbdd8597d8eb5a2233c00aa318d03f') in 0.0557339 seconds
Number of updated asset objects reloaded before import = 0Number of asset objects unloaded after import = 3

========================================================================
Received Import Request.
  Time since last request: 0.000042 seconds.
  path: Assets/Resources/se_16.wav
  artifactKey: Guid(e738abc3211b9f049b52afd7a8915500) Importer(815301076,1909f56bfc062723c751e8b465ee728b)
Start importing Assets/Resources/se_16.wav using Guid(e738abc3211b9f049b52afd7a8915500) Importer(815301076,1909f56bfc062723c751e8b465ee728b) (PreviewImporter) -> (artifact id: '1ec3aab77a886032b1b60610f713dcbf') in 0.043035 seconds
Number of updated asset objects reloaded before import = 0Number of asset objects unloaded after import = 2

========================================================================
Received Import Request.
  Time since last request: 0.000099 seconds.
  path: Assets/Resources/ring_08.png
  artifactKey: Guid(3c47e9719e2d29f418dcc1151ae59a51) Importer(815301076,1909f56bfc062723c751e8b465ee728b)
Start importing Assets/Resources/ring_08.png using Guid(3c47e9719e2d29f418dcc1151ae59a51) Importer(815301076,1909f56bfc062723c751e8b465ee728b) (PreviewImporter) -> (artifact id: 'dc32f54ee65885091f15441ff10ffcf9') in 0.0609387 seconds
Number of updated asset objects reloaded before import = 0Number of asset objects unloaded after import = 3

========================================================================
Received Import Request.
  Time since last request: 0.000042 seconds.
  path: Assets/Resources/button_next.png
  artifactKey: Guid(c47908c8f80f33e40b46878f18277fe4) Importer(815301076,1909f56bfc062723c751e8b465ee728b)
Start importing Assets/Resources/button_next.png using Guid(c47908c8f80f33e40b46878f18277fe4) Importer(815301076,1909f56bfc062723c751e8b465ee728b) (PreviewImporter) -> (artifact id: 'f583c7c06d8cc2194107071cab6d1a75') in 0.0629911 seconds
Number of updated asset objects reloaded before import = 0Number of asset objects unloaded after import = 3

========================================================================
Received Import Request.
  Time since last request: 0.000091 seconds.
  path: Assets/Resources/BossAquaBlur2.png
  artifactKey: Guid(3ded73153ef91cb4693ac97bc9d90a56) Importer(815301076,1909f56bfc062723c751e8b465ee728b)
Start importing Assets/Resources/BossAquaBlur2.png using Guid(3ded73153ef91cb4693ac97bc9d90a56) Importer(815301076,1909f56bfc062723c751e8b465ee728b) (PreviewImporter) -> (artifact id: 'bcd0e4c0ac64e1064560939cb09709ac') in 0.0617342 seconds
Number of updated asset objects reloaded before import = 0Number of asset objects unloaded after import = 3

========================================================================
Received Import Request.
  Time since last request: 0.000044 seconds.
  path: Assets/Resources/enemymask_.png
  artifactKey: Guid(8ff2c4e66932e934796555b30fc68d9d) Importer(815301076,1909f56bfc062723c751e8b465ee728b)
Start importing Assets/Resources/enemymask_.png using Guid(8ff2c4e66932e934796555b30fc68d9d) Importer(815301076,1909f56bfc062723c751e8b465ee728b) (PreviewImporter) -> (artifact id: '13c7fffe88f9303cb51efca4f162c77f') in 0.0603678 seconds
Number of updated asset objects reloaded before import = 0Number of asset objects unloaded after import = 3

========================================================================
Received Import Request.
  Time since last request: 0.000039 seconds.
  path: Assets/Resources/button_stage03_locked.png
  artifactKey: Guid(178034482a4f2d746b7cf165e287b172) Importer(815301076,1909f56bfc062723c751e8b465ee728b)
Start importing Assets/Resources/button_stage03_locked.png using Guid(178034482a4f2d746b7cf165e287b172) Importer(815301076,1909f56bfc062723c751e8b465ee728b) (PreviewImporter) -> (artifact id: '38ce3b638915b162807bf4c0920b260b') in 0.0583831 seconds
Number of updated asset objects reloaded before import = 0Number of asset objects unloaded after import = 3

========================================================================
Received Import Request.
  Time since last request: 0.000048 seconds.
  path: Assets/Resources/BossAppearEffect_.png
  artifactKey: Guid(e858a9ae4a6590046a5fbdd73b6edacb) Importer(815301076,1909f56bfc062723c751e8b465ee728b)
Start importing Assets/Resources/BossAppearEffect_.png using Guid(e858a9ae4a6590046a5fbdd73b6edacb) Importer(815301076,1909f56bfc062723c751e8b465ee728b) (PreviewImporter) -> (artifact id: '94538a5fb8a50da6c0bdc9c5e4f26cc9') in 0.0831349 seconds
Number of updated asset objects reloaded before import = 0Number of asset objects unloaded after import = 3

========================================================================
Received Import Request.
  Time since last request: 0.000226 seconds.
  path: Assets/Resources/BossFireBlur4.png
  artifactKey: Guid(473a79af19a2fea428c50d73135cc868) Importer(815301076,1909f56bfc062723c751e8b465ee728b)
Start importing Assets/Resources/BossFireBlur4.png using Guid(473a79af19a2fea428c50d73135cc868) Importer(815301076,1909f56bfc062723c751e8b465ee728b) (PreviewImporter) -> (artifact id: '996f604ee0472f5ab434afe06cf3cf47') in 0.0949394 seconds
Number of updated asset objects reloaded before import = 0Number of asset objects unloaded after import = 3

========================================================================
Received Import Request.
  Time since last request: 0.000053 seconds.
  path: Assets/Resources/bgm_02ogg.ogg
  artifactKey: Guid(4c324935110048f4981d8a131f55227e) Importer(815301076,1909f56bfc062723c751e8b465ee728b)
Start importing Assets/Resources/bgm_02ogg.ogg using Guid(4c324935110048f4981d8a131f55227e) Importer(815301076,1909f56bfc062723c751e8b465ee728b) (PreviewImporter) -> (artifact id: 'bd768bcef425acf92fa99e54ee12521c') in 0.0477999 seconds
Number of updated asset objects reloaded before import = 0Number of asset objects unloaded after import = 2

========================================================================
Received Import Request.
  Time since last request: 0.000050 seconds.
  path: Assets/Resources/Player.prefab
  artifactKey: Guid(025e3bb9dff983d45b99889c9bc8d5c7) Importer(815301076,1909f56bfc062723c751e8b465ee728b)
Start importing Assets/Resources/Player.prefab using Guid(025e3bb9dff983d45b99889c9bc8d5c7) Importer(815301076,1909f56bfc062723c751e8b465ee728b) (PreviewImporter) -> (artifact id: '90f61c6330ecd24ae73197bf6c06a3cd') in 0.1308871 seconds
Number of updated asset objects reloaded before import = 0Number of asset objects unloaded after import = 8

========================================================================
Received Import Request.
  Time since last request: 0.000048 seconds.
  path: Assets/Resources/eA_fire.png
  artifactKey: Guid(36d5f7b745a86c04ab191f58c1a6241f) Importer(815301076,1909f56bfc062723c751e8b465ee728b)
Start importing Assets/Resources/eA_fire.png using Guid(36d5f7b745a86c04ab191f58c1a6241f) Importer(815301076,1909f56bfc062723c751e8b465ee728b) (PreviewImporter) -> (artifact id: '40c9377e47c61ae21be8003a7a448e48') in 0.0590398 seconds
Number of updated asset objects reloaded before import = 0Number of asset objects unloaded after import = 3

========================================================================
Received Import Request.
  Time since last request: 0.000072 seconds.
  path: Assets/Resources/EnemyGauge.prefab
  artifactKey: Guid(53a4da52e7abfd24eb7634c22322c393) Importer(815301076,1909f56bfc062723c751e8b465ee728b)
Start importing Assets/Resources/EnemyGauge.prefab using Guid(53a4da52e7abfd24eb7634c22322c393) Importer(815301076,1909f56bfc062723c751e8b465ee728b) (PreviewImporter) -> (artifact id: 'f3a84da14a5a514d2cd81755d47111e0') in 0.0484611 seconds
Number of updated asset objects reloaded before import = 0Number of asset objects unloaded after import = 8

========================================================================
Received Import Request.
  Time since last request: 0.000063 seconds.
  path: Assets/Resources/BossFireBlur1.png
  artifactKey: Guid(536e006ec4a504b428dbe21cd3002cff) Importer(815301076,1909f56bfc062723c751e8b465ee728b)
Start importing Assets/Resources/BossFireBlur1.png using Guid(536e006ec4a504b428dbe21cd3002cff) Importer(815301076,1909f56bfc062723c751e8b465ee728b) (PreviewImporter) -> (artifact id: 'd9a1df037f3fc6616fe2b236fdb7a49a') in 0.0645556 seconds
Number of updated asset objects reloaded before import = 0Number of asset objects unloaded after import = 3

========================================================================
Received Import Request.
  Time since last request: 0.000035 seconds.
  path: Assets/Resources/boomerang.png
  artifactKey: Guid(f24e2ce167de49f4ebbf964c44395fa6) Importer(815301076,1909f56bfc062723c751e8b465ee728b)
Start importing Assets/Resources/boomerang.png using Guid(f24e2ce167de49f4ebbf964c44395fa6) Importer(815301076,1909f56bfc062723c751e8b465ee728b) (PreviewImporter) -> (artifact id: '7d192fcc7f26031461e87826aab67422') in 0.0546232 seconds
Number of updated asset objects reloaded before import = 0Number of asset objects unloaded after import = 3

========================================================================
Received Import Request.
  Time since last request: 0.000049 seconds.
  path: Assets/Resources/button_quit.png
  artifactKey: Guid(891bb74015d4a674b96428cfa721af3b) Importer(815301076,1909f56bfc062723c751e8b465ee728b)
Start importing Assets/Resources/button_quit.png using Guid(891bb74015d4a674b96428cfa721af3b) Importer(815301076,1909f56bfc062723c751e8b465ee728b) (PreviewImporter) -> (artifact id: '97db8a267b4fcec61e0204a81f699819') in 0.0732102 seconds
Number of updated asset objects reloaded before import = 0Number of asset objects unloaded after import = 3

========================================================================
Received Import Request.
  Time since last request: 0.000055 seconds.
  path: Assets/Resources/se_19.wav
  artifactKey: Guid(a57a458cd1b68c74db2bbcec87cc5207) Importer(815301076,1909f56bfc062723c751e8b465ee728b)
Start importing Assets/Resources/se_19.wav using Guid(a57a458cd1b68c74db2bbcec87cc5207) Importer(815301076,1909f56bfc062723c751e8b465ee728b) (PreviewImporter) -> (artifact id: 'a0f985654a8f6ee3d2890b47c6fb4d97') in 0.0595299 seconds
Number of updated asset objects reloaded before import = 0Number of asset objects unloaded after import = 2

========================================================================
Received Import Request.
  Time since last request: 0.000068 seconds.
  path: Assets/Resources/BossLeafBlur1.png
  artifactKey: Guid(75e1eb80ec82a254e98a563ed3e99341) Importer(815301076,1909f56bfc062723c751e8b465ee728b)
Start importing Assets/Resources/BossLeafBlur1.png using Guid(75e1eb80ec82a254e98a563ed3e99341) Importer(815301076,1909f56bfc062723c751e8b465ee728b) (PreviewImporter) -> (artifact id: '9a0c415cd446151ce53fba492c8164df') in 0.060461 seconds
Number of updated asset objects reloaded before import = 0Number of asset objects unloaded after import = 3

========================================================================
Received Import Request.
  Time since last request: 0.000035 seconds.
  path: Assets/Resources/eA_leaf.png
  artifactKey: Guid(5f2924ab1097da7458e445fccbd879df) Importer(815301076,1909f56bfc062723c751e8b465ee728b)
Start importing Assets/Resources/eA_leaf.png using Guid(5f2924ab1097da7458e445fccbd879df) Importer(815301076,1909f56bfc062723c751e8b465ee728b) (PreviewImporter) -> (artifact id: '3fae2f890a481fe40d9ba6288d97779b') in 0.0679373 seconds
Number of updated asset objects reloaded before import = 0Number of asset objects unloaded after import = 3

========================================================================
Received Import Request.
  Time since last request: 0.000043 seconds.
  path: Assets/Resources/ArrowEffect.prefab
  artifactKey: Guid(b3387ca7d642c1f46b2c483fcdb320a3) Importer(815301076,1909f56bfc062723c751e8b465ee728b)
Start importing Assets/Resources/ArrowEffect.prefab using Guid(b3387ca7d642c1f46b2c483fcdb320a3) Importer(815301076,1909f56bfc062723c751e8b465ee728b) (PreviewImporter) -> (artifact id: '9deb234b1726b1e6d88630fdf875e5a5') in 0.0389859 seconds
Number of updated asset objects reloaded before import = 0Number of asset objects unloaded after import = 8

========================================================================
Received Import Request.
  Time since last request: 0.000040 seconds.
  path: Assets/Resources/icon_aqua.png
  artifactKey: Guid(af22d77be41f2864d8ddfb85cb15b25f) Importer(815301076,1909f56bfc062723c751e8b465ee728b)
Start importing Assets/Resources/icon_aqua.png using Guid(af22d77be41f2864d8ddfb85cb15b25f) Importer(815301076,1909f56bfc062723c751e8b465ee728b) (PreviewImporter) -> (artifact id: '8a923f90713b00ad253b251fced08ded') in 0.0515049 seconds
Number of updated asset objects reloaded before import = 0Number of asset objects unloaded after import = 3

========================================================================
Received Import Request.
  Time since last request: 0.000044 seconds.
  path: Assets/Resources/icon_leaf.png
  artifactKey: Guid(b62fb548ca4957942808fb60b87a1fed) Importer(815301076,1909f56bfc062723c751e8b465ee728b)
Start importing Assets/Resources/icon_leaf.png using Guid(b62fb548ca4957942808fb60b87a1fed) Importer(815301076,1909f56bfc062723c751e8b465ee728b) (PreviewImporter) -> (artifact id: 'cef81e076913f23026fa400be69a8575') in 0.0429755 seconds
Number of updated asset objects reloaded before import = 0Number of asset objects unloaded after import = 3

========================================================================
Received Prepare
Refreshing native plugins compatible for Editor in 2.47 ms, found 4 plugins.
Preloading 0 native plugins for Editor in 0.00 ms.
Unloading 0 Unused Serialized files (Serialized files now loaded: 0)
Unloading 4526 unused Assets / (1.4 MB). Loaded Objects now: 5058.
Memory consumption went from 92.6 MB to 91.3 MB.
Total: 18.663700 ms (FindLiveObjects: 1.374700 ms CreateObjectMapping: 3.603400 ms MarkObjects: 11.486300 ms  DeleteObjects: 2.196000 ms)

Prepare: number of updated asset objects reloaded= 0
========================================================================
Received Prepare
[Licensing::Client] Successfully resolved entitlement details
[Licensing::Module] License group:
  Id: F4-4ZQ3-P8RZ-UC5X-CAZP-XXXX
  Product: Unity Personal
  Type: ULF
  Expiration: Unlimited
[Licensing::Module] License group:
  Id: 15668189399079-UnityPersXXXX
  Product: Unity Personal
  Type: Assigned
  Expiration: Unlimited
Begin MonoManager ReloadAssembly
[Licensing::Client] Successfully resolved entitlement details
[Licensing::Module] License group:
  Id: F4-4ZQ3-P8RZ-UC5X-CAZP-XXXX
  Product: Unity Personal
  Type: ULF
  Expiration: Unlimited
[Licensing::Module] License group:
  Id: 15668189399079-UnityPersXXXX
  Product: Unity Personal
  Type: Assigned
  Expiration: Unlimited
- Loaded All Assemblies, in  1.209 seconds
Refreshing native plugins compatible for Editor in 1.98 ms, found 4 plugins.
Native extension for Android target not found
Native extension for WindowsStandalone target not found
[Package Manager] Failed to launch server process. Reason: Unity was launched with the -noUpm command-line argument
[Package Manager] Unable to send message (not connected to server process).
[Package Manager] Cannot connect to Unity Package Manager local server
Mono: successfully reloaded assembly
- Finished resetting the current domain, in  1.601 seconds
Domain Reload Profiling: 2808ms
	BeginReloadAssembly (346ms)
		ExecutionOrderSort (0ms)
		DisableScriptedObjects (24ms)
		BackupInstance (0ms)
		ReleaseScriptingObjects (0ms)
		CreateAndSetChildDomain (85ms)
	RebuildCommonClasses (72ms)
	RebuildNativeTypeToScriptingClass (22ms)
	initialDomainReloadingComplete (49ms)
	LoadAllAssembliesAndSetupDomain (717ms)
		LoadAssemblies (637ms)
		RebuildTransferFunctionScriptingTraits (0ms)
		AnalyzeDomain (246ms)
			TypeCache.Refresh (13ms)
				TypeCache.ScanAssembly (1ms)
			BuildScriptInfoCaches (218ms)
			ResolveRequiredComponents (9ms)
	FinalizeReload (1603ms)
		ReleaseScriptCaches (0ms)
		RebuildScriptCaches (0ms)
		SetupLoadedEditorAssemblies (1293ms)
			LogAssemblyErrors (0ms)
			InitializePlatformSupportModulesInManaged (26ms)
			SetLoadedEditorAssemblies (15ms)
			BeforeProcessingInitializeOnLoad (384ms)
			ProcessInitializeOnLoadAttributes (750ms)
			ProcessInitializeOnLoadMethodAttributes (90ms)
			AfterProcessingInitializeOnLoad (28ms)
			EditorAssembliesLoaded (1ms)
		ExecutionOrderSort2 (0ms)
		AwakeInstancesAfterBackupRestoration (28ms)
Refreshing native plugins compatible for Editor in 3.78 ms, found 4 plugins.
Preloading 0 native plugins for Editor in 0.00 ms.
Unloading 0 Unused Serialized files (Serialized files now loaded: 0)
Unloading 4536 unused Assets / (1.1 MB). Loaded Objects now: 5060.
Memory consumption went from 93.6 MB to 92.5 MB.
Total: 15.551200 ms (FindLiveObjects: 1.166200 ms CreateObjectMapping: 1.234900 ms MarkObjects: 10.170400 ms  DeleteObjects: 2.977000 ms)

Prepare: number of updated asset objects reloaded= 0
========================================================================
Received Prepare
Refreshing native plugins compatible for Editor in 2.57 ms, found 4 plugins.
Preloading 0 native plugins for Editor in 0.00 ms.
Unloading 0 Unused Serialized files (Serialized files now loaded: 0)
Unloading 4526 unused Assets / (1.4 MB). Loaded Objects now: 5060.
Memory consumption went from 93.7 MB to 92.3 MB.
Total: 11.328600 ms (FindLiveObjects: 0.924000 ms CreateObjectMapping: 0.734000 ms MarkObjects: 7.434500 ms  DeleteObjects: 2.233200 ms)

Prepare: number of updated asset objects reloaded= 0
========================================================================
Received Prepare
Refreshing native plugins compatible for Editor in 3.18 ms, found 4 plugins.
Preloading 0 native plugins for Editor in 0.00 ms.
Unloading 0 Unused Serialized files (Serialized files now loaded: 0)
Unloading 4526 unused Assets / (1.3 MB). Loaded Objects now: 5060.
Memory consumption went from 93.7 MB to 92.5 MB.
Total: 11.739800 ms (FindLiveObjects: 1.048800 ms CreateObjectMapping: 1.049800 ms MarkObjects: 7.501600 ms  DeleteObjects: 2.137600 ms)

Prepare: number of updated asset objects reloaded= 0
========================================================================
Received Prepare
Begin MonoManager ReloadAssembly
- Loaded All Assemblies, in  0.918 seconds
Refreshing native plugins compatible for Editor in 2.04 ms, found 4 plugins.
Native extension for Android target not found
Native extension for WindowsStandalone target not found
[Package Manager] Failed to launch server process. Reason: Unity was launched with the -noUpm command-line argument
[Package Manager] Unable to send message (not connected to server process).
[Package Manager] Cannot connect to Unity Package Manager local server
Mono: successfully reloaded assembly
- Finished resetting the current domain, in  0.738 seconds
Domain Reload Profiling: 1654ms
	BeginReloadAssembly (264ms)
		ExecutionOrderSort (0ms)
		DisableScriptedObjects (16ms)
		BackupInstance (0ms)
		ReleaseScriptingObjects (0ms)
		CreateAndSetChildDomain (64ms)
	RebuildCommonClasses (50ms)
	RebuildNativeTypeToScriptingClass (16ms)
	initialDomainReloadingComplete (45ms)
	LoadAllAssembliesAndSetupDomain (541ms)
		LoadAssemblies (463ms)
		RebuildTransferFunctionScriptingTraits (0ms)
		AnalyzeDomain (209ms)
			TypeCache.Refresh (14ms)
				TypeCache.ScanAssembly (1ms)
			BuildScriptInfoCaches (181ms)
			ResolveRequiredComponents (7ms)
	FinalizeReload (738ms)
		ReleaseScriptCaches (0ms)
		RebuildScriptCaches (0ms)
		SetupLoadedEditorAssemblies (584ms)
			LogAssemblyErrors (0ms)
			InitializePlatformSupportModulesInManaged (14ms)
			SetLoadedEditorAssemblies (4ms)
			BeforeProcessingInitializeOnLoad (162ms)
			ProcessInitializeOnLoadAttributes (346ms)
			ProcessInitializeOnLoadMethodAttributes (53ms)
			AfterProcessingInitializeOnLoad (5ms)
			EditorAssembliesLoaded (0ms)
		ExecutionOrderSort2 (0ms)
		AwakeInstancesAfterBackupRestoration (9ms)
Refreshing native plugins compatible for Editor in 2.14 ms, found 4 plugins.
Preloading 0 native plugins for Editor in 0.00 ms.
Unloading 0 Unused Serialized files (Serialized files now loaded: 0)
Unloading 4536 unused Assets / (1.0 MB). Loaded Objects now: 5062.
Memory consumption went from 93.6 MB to 92.6 MB.
Total: 9.762700 ms (FindLiveObjects: 0.895900 ms CreateObjectMapping: 0.865200 ms MarkObjects: 6.547900 ms  DeleteObjects: 1.451500 ms)

Prepare: number of updated asset objects reloaded= 0
========================================================================
Received Prepare
Begin MonoManager ReloadAssembly
- Loaded All Assemblies, in  1.079 seconds
Refreshing native plugins compatible for Editor in 2.58 ms, found 4 plugins.
Native extension for Android target not found
Native extension for WindowsStandalone target not found
[Package Manager] Failed to launch server process. Reason: Unity was launched with the -noUpm command-line argument
[Package Manager] Unable to send message (not connected to server process).
[Package Manager] Cannot connect to Unity Package Manager local server
Mono: successfully reloaded assembly
- Finished resetting the current domain, in  1.032 seconds
Domain Reload Profiling: 2106ms
	BeginReloadAssembly (327ms)
		ExecutionOrderSort (0ms)
		DisableScriptedObjects (18ms)
		BackupInstance (0ms)
		ReleaseScriptingObjects (0ms)
		CreateAndSetChildDomain (66ms)
	RebuildCommonClasses (55ms)
	RebuildNativeTypeToScriptingClass (17ms)
	initialDomainReloadingComplete (43ms)
	LoadAllAssembliesAndSetupDomain (631ms)
		LoadAssemblies (592ms)
		RebuildTransferFunctionScriptingTraits (0ms)
		AnalyzeDomain (221ms)
			TypeCache.Refresh (10ms)
				TypeCache.ScanAssembly (0ms)
			BuildScriptInfoCaches (195ms)
			ResolveRequiredComponents (10ms)
	FinalizeReload (1033ms)
		ReleaseScriptCaches (0ms)
		RebuildScriptCaches (0ms)
		SetupLoadedEditorAssemblies (823ms)
			LogAssemblyErrors (0ms)
			InitializePlatformSupportModulesInManaged (20ms)
			SetLoadedEditorAssemblies (5ms)
			BeforeProcessingInitializeOnLoad (209ms)
			ProcessInitializeOnLoadAttributes (494ms)
			ProcessInitializeOnLoadMethodAttributes (88ms)
			AfterProcessingInitializeOnLoad (7ms)
			EditorAssembliesLoaded (1ms)
		ExecutionOrderSort2 (0ms)
		AwakeInstancesAfterBackupRestoration (13ms)
Refreshing native plugins compatible for Editor in 3.75 ms, found 4 plugins.
Preloading 0 native plugins for Editor in 0.00 ms.
Unloading 0 Unused Serialized files (Serialized files now loaded: 0)
Unloading 4536 unused Assets / (1.4 MB). Loaded Objects now: 5064.
Memory consumption went from 93.6 MB to 92.2 MB.
Total: 11.284900 ms (FindLiveObjects: 0.897600 ms CreateObjectMapping: 0.666900 ms MarkObjects: 7.426000 ms  DeleteObjects: 2.290600 ms)

Prepare: number of updated asset objects reloaded= 0
========================================================================
Received Prepare
[Licensing::Client] Successfully resolved entitlement details
[Licensing::Module] License group:
  Id: F4-4ZQ3-P8RZ-UC5X-CAZP-XXXX
  Product: Unity Personal
  Type: ULF
  Expiration: Unlimited
[Licensing::Module] License group:
  Id: 15668189399079-UnityPersXXXX
  Product: Unity Personal
  Type: Assigned
  Expiration: Unlimited
Begin MonoManager ReloadAssembly
[Licensing::Client] Successfully resolved entitlement details
[Licensing::Module] License group:
  Id: F4-4ZQ3-P8RZ-UC5X-CAZP-XXXX
  Product: Unity Personal
  Type: ULF
  Expiration: Unlimited
[Licensing::Module] License group:
  Id: 15668189399079-UnityPersXXXX
  Product: Unity Personal
  Type: Assigned
  Expiration: Unlimited
- Loaded All Assemblies, in  1.131 seconds
Refreshing native plugins compatible for Editor in 4.50 ms, found 4 plugins.
Native extension for Android target not found
Native extension for WindowsStandalone target not found
[Package Manager] Failed to launch server process. Reason: Unity was launched with the -noUpm command-line argument
[Package Manager] Unable to send message (not connected to server process).
[Package Manager] Cannot connect to Unity Package Manager local server
Mono: successfully reloaded assembly
- Finished resetting the current domain, in  1.034 seconds
Domain Reload Profiling: 2166ms
	BeginReloadAssembly (343ms)
		ExecutionOrderSort (0ms)
		DisableScriptedObjects (29ms)
		BackupInstance (0ms)
		ReleaseScriptingObjects (0ms)
		CreateAndSetChildDomain (85ms)
	RebuildCommonClasses (59ms)
	RebuildNativeTypeToScriptingClass (18ms)
	initialDomainReloadingComplete (50ms)
	LoadAllAssembliesAndSetupDomain (661ms)
		LoadAssemblies (562ms)
		RebuildTransferFunctionScriptingTraits (0ms)
		AnalyzeDomain (253ms)
			TypeCache.Refresh (10ms)
				TypeCache.ScanAssembly (0ms)
			BuildScriptInfoCaches (224ms)
			ResolveRequiredComponents (11ms)
	FinalizeReload (1035ms)
		ReleaseScriptCaches (0ms)
		RebuildScriptCaches (0ms)
		SetupLoadedEditorAssemblies (807ms)
			LogAssemblyErrors (0ms)
			InitializePlatformSupportModulesInManaged (21ms)
			SetLoadedEditorAssemblies (7ms)
			BeforeProcessingInitializeOnLoad (229ms)
			ProcessInitializeOnLoadAttributes (481ms)
			ProcessInitializeOnLoadMethodAttributes (62ms)
			AfterProcessingInitializeOnLoad (7ms)
			EditorAssembliesLoaded (0ms)
		ExecutionOrderSort2 (0ms)
		AwakeInstancesAfterBackupRestoration (10ms)
Refreshing native plugins compatible for Editor in 2.12 ms, found 4 plugins.
Preloading 0 native plugins for Editor in 0.00 ms.
Unloading 0 Unused Serialized files (Serialized files now loaded: 0)
Unloading 4536 unused Assets / (1.3 MB). Loaded Objects now: 5066.
Memory consumption went from 93.6 MB to 92.3 MB.
Total: 13.387200 ms (FindLiveObjects: 0.914500 ms CreateObjectMapping: 0.952900 ms MarkObjects: 9.301900 ms  DeleteObjects: 2.216100 ms)

Prepare: number of updated asset objects reloaded= 0
========================================================================
Received Prepare
[Licensing::Client] Successfully resolved entitlement details
[Licensing::Module] License group:
  Id: F4-4ZQ3-P8RZ-UC5X-CAZP-XXXX
  Product: Unity Personal
  Type: ULF
  Expiration: Unlimited
[Licensing::Module] License group:
  Id: 15668189399079-UnityPersXXXX
  Product: Unity Personal
  Type: Assigned
  Expiration: Unlimited
Begin MonoManager ReloadAssembly
[Licensing::Client] Successfully resolved entitlement details
[Licensing::Module] License group:
  Id: F4-4ZQ3-P8RZ-UC5X-CAZP-XXXX
  Product: Unity Personal
  Type: ULF
  Expiration: Unlimited
[Licensing::Module] License group:
  Id: 15668189399079-UnityPersXXXX
  Product: Unity Personal
  Type: Assigned
  Expiration: Unlimited
- Loaded All Assemblies, in  1.052 seconds
Refreshing native plugins compatible for Editor in 3.21 ms, found 4 plugins.
Native extension for Android target not found
Native extension for WindowsStandalone target not found
[Package Manager] Failed to launch server process. Reason: Unity was launched with the -noUpm command-line argument
[Package Manager] Unable to send message (not connected to server process).
[Package Manager] Cannot connect to Unity Package Manager local server
Mono: successfully reloaded assembly
- Finished resetting the current domain, in  1.045 seconds
Domain Reload Profiling: 2094ms
	BeginReloadAssembly (309ms)
		ExecutionOrderSort (0ms)
		DisableScriptedObjects (21ms)
		BackupInstance (0ms)
		ReleaseScriptingObjects (0ms)
		CreateAndSetChildDomain (63ms)
	RebuildCommonClasses (53ms)
	RebuildNativeTypeToScriptingClass (18ms)
	initialDomainReloadingComplete (44ms)
	LoadAllAssembliesAndSetupDomain (625ms)
		LoadAssemblies (539ms)
		RebuildTransferFunctionScriptingTraits (0ms)
		AnalyzeDomain (253ms)
			TypeCache.Refresh (9ms)
				TypeCache.ScanAssembly (0ms)
			BuildScriptInfoCaches (228ms)
			ResolveRequiredComponents (10ms)
	FinalizeReload (1045ms)
		ReleaseScriptCaches (0ms)
		RebuildScriptCaches (0ms)
		SetupLoadedEditorAssemblies (826ms)
			LogAssemblyErrors (0ms)
			InitializePlatformSupportModulesInManaged (15ms)
			SetLoadedEditorAssemblies (6ms)
			BeforeProcessingInitializeOnLoad (232ms)
			ProcessInitializeOnLoadAttributes (495ms)
			ProcessInitializeOnLoadMethodAttributes (71ms)
			AfterProcessingInitializeOnLoad (6ms)
			EditorAssembliesLoaded (0ms)
		ExecutionOrderSort2 (0ms)
		AwakeInstancesAfterBackupRestoration (9ms)
Refreshing native plugins compatible for Editor in 2.12 ms, found 4 plugins.
Preloading 0 native plugins for Editor in 0.00 ms.
Unloading 0 Unused Serialized files (Serialized files now loaded: 0)
Unloading 4536 unused Assets / (1.8 MB). Loaded Objects now: 5068.
Memory consumption went from 93.6 MB to 91.8 MB.
Total: 9.926000 ms (FindLiveObjects: 0.683300 ms CreateObjectMapping: 0.673200 ms MarkObjects: 6.105400 ms  DeleteObjects: 2.462300 ms)

Prepare: number of updated asset objects reloaded= 0
========================================================================
Received Import Request.
  Time since last request: 1682.681127 seconds.
  path: Assets/Resources/Font/n_1.png
  artifactKey: Guid(d947fc14f51286a43a39a818e9d13bbb) Importer(815301076,1909f56bfc062723c751e8b465ee728b)
Start importing Assets/Resources/Font/n_1.png using Guid(d947fc14f51286a43a39a818e9d13bbb) Importer(815301076,1909f56bfc062723c751e8b465ee728b) (PreviewImporter) -> (artifact id: 'd970c5eb208b4bca72a510debf713ddc') in 0.1803837 seconds
Number of updated asset objects reloaded before import = 0Number of asset objects unloaded after import = 3

========================================================================
Received Import Request.
  Time since last request: 0.000046 seconds.
  path: Assets/Resources/Font/nwhite_7.png
  artifactKey: Guid(4d462014e1c549c428d81a28f3fd069a) Importer(815301076,1909f56bfc062723c751e8b465ee728b)
Start importing Assets/Resources/Font/nwhite_7.png using Guid(4d462014e1c549c428d81a28f3fd069a) Importer(815301076,1909f56bfc062723c751e8b465ee728b) (PreviewImporter) -> (artifact id: 'a7686659429cbc2e64558b510fea1192') in 0.0364723 seconds
Number of updated asset objects reloaded before import = 0Number of asset objects unloaded after import = 3

========================================================================
Received Import Request.
  Time since last request: 0.000069 seconds.
  path: Assets/Resources/Font/nwhite_2.png
  artifactKey: Guid(31a8371177365954ab466ac6dc64717a) Importer(815301076,1909f56bfc062723c751e8b465ee728b)
Start importing Assets/Resources/Font/nwhite_2.png using Guid(31a8371177365954ab466ac6dc64717a) Importer(815301076,1909f56bfc062723c751e8b465ee728b) (PreviewImporter) -> (artifact id: '673ab8b77116a017fa1547261dd2e869') in 0.0321444 seconds
Number of updated asset objects reloaded before import = 0Number of asset objects unloaded after import = 3

========================================================================
Received Import Request.
  Time since last request: 0.000029 seconds.
  path: Assets/Resources/Font/nwhite_4.png
  artifactKey: Guid(3753c2010666c134387f8a6dc9115e9a) Importer(815301076,1909f56bfc062723c751e8b465ee728b)
Start importing Assets/Resources/Font/nwhite_4.png using Guid(3753c2010666c134387f8a6dc9115e9a) Importer(815301076,1909f56bfc062723c751e8b465ee728b) (PreviewImporter) -> (artifact id: '6ca7ffca9d00e8479e5e3a42891912a2') in 0.042438 seconds
Number of updated asset objects reloaded before import = 0Number of asset objects unloaded after import = 3

========================================================================
Received Import Request.
  Time since last request: 0.000046 seconds.
  path: Assets/Resources/Font/n_4.png
  artifactKey: Guid(13cecac68279dfd4c8fa855907df44fa) Importer(815301076,1909f56bfc062723c751e8b465ee728b)
Start importing Assets/Resources/Font/n_4.png using Guid(13cecac68279dfd4c8fa855907df44fa) Importer(815301076,1909f56bfc062723c751e8b465ee728b) (PreviewImporter) -> (artifact id: 'c0fa634201480e7c6712baa70d49c2bb') in 0.0487946 seconds
Number of updated asset objects reloaded before import = 0Number of asset objects unloaded after import = 3

========================================================================
Received Import Request.
  Time since last request: 0.000042 seconds.
  path: Assets/Resources/Font/nwhite_1.png
  artifactKey: Guid(e2c193d9588e96b42a3d7ecd26952229) Importer(815301076,1909f56bfc062723c751e8b465ee728b)
Start importing Assets/Resources/Font/nwhite_1.png using Guid(e2c193d9588e96b42a3d7ecd26952229) Importer(815301076,1909f56bfc062723c751e8b465ee728b) (PreviewImporter) -> (artifact id: '49a811fcf396a929eef49f5bcf17842f') in 0.0459844 seconds
Number of updated asset objects reloaded before import = 0Number of asset objects unloaded after import = 3

========================================================================
Received Import Request.
  Time since last request: 0.000038 seconds.
  path: Assets/Resources/Font/n_3.png
  artifactKey: Guid(4f7fcede17744f04093b2a0c54dc3920) Importer(815301076,1909f56bfc062723c751e8b465ee728b)
Start importing Assets/Resources/Font/n_3.png using Guid(4f7fcede17744f04093b2a0c54dc3920) Importer(815301076,1909f56bfc062723c751e8b465ee728b) (PreviewImporter) -> (artifact id: 'ff6fae94638a5bf59f0b74a59f64442c') in 0.0431828 seconds
Number of updated asset objects reloaded before import = 0Number of asset objects unloaded after import = 3

========================================================================
Received Import Request.
  Time since last request: 0.000043 seconds.
  path: Assets/Resources/Font/nwhite_0.png
  artifactKey: Guid(6f604de27ecac584f86793151993a8a2) Importer(815301076,1909f56bfc062723c751e8b465ee728b)
Start importing Assets/Resources/Font/nwhite_0.png using Guid(6f604de27ecac584f86793151993a8a2) Importer(815301076,1909f56bfc062723c751e8b465ee728b) (PreviewImporter) -> (artifact id: 'ad30ab207a97cbe321ca5918298542df') in 0.0348889 seconds
Number of updated asset objects reloaded before import = 0Number of asset objects unloaded after import = 3

Editor requested this worker to shutdown with reason: Scaling down because of idle timeout
AssetImportWorker is now disconnected from the server
Process exiting
Exiting without the bug reporter. Application will terminate with return code 0