[Licensing::Module] Trying to connect to existing licensing client channel...
Built from '6000.2/respin/6000.2.8f1-e4064264ae96' branch; Version is '6000.2.8f1 (c9992ac36c34) revision 13211946'; Using compiler version '194234433'; Build Type 'Release'
[Licensing::IpcConnector] Successfully connected to: "LicenseClient-k0K3KPsHPROkM7WsMGHAi" at "2025-12-10T05:20:33.6564113Z"
OS: 'Windows 11  (10.0.26200) 64bit Core' Language: 'ja' Physical Memory: 15752 MB
BatchMode: 1, IsHumanControllingUs: 0, StartBugReporterOnCrash: 0, Is64bit: 1
Date: 2025-12-10T05:20:33Z

COMMAND LINE ARGUMENTS:
C:\Program Files\Unity\Hub\Editor\6000.2.8f1\Editor\Unity.exe
-adb2
-batchMode
-noUpm
-name
AssetImportWorker1
-projectPath
C:/Users/Czarbek/Desktop/Boomerang
-logFile
Logs/AssetImportWorker1.log
-srvPort
64433
-licensingIpc
LicenseClient-k0K3KPsHPROkM7WsMGHAi
-job-worker-count
7
-background-job-worker-count
8
-gc-helper-count
1
-name
AssetImport
Successfully changed project path to: C:/Users/Czarbek/Desktop/Boomerang
C:/Users/Czarbek/Desktop/Boomerang
[UnityMemory] Configuration Parameters - Can be set up in boot.config
    "memorysetup-allocator-temp-initial-block-size-main=262144"
    "memorysetup-allocator-temp-initial-block-size-worker=262144"
    "memorysetup-bucket-allocator-granularity=16"
    "memorysetup-bucket-allocator-bucket-count=8"
    "memorysetup-bucket-allocator-block-size=33554432"
    "memorysetup-bucket-allocator-block-count=8"
    "memorysetup-main-allocator-block-size=16777216"
    "memorysetup-thread-allocator-block-size=16777216"
    "memorysetup-gfx-main-allocator-block-size=16777216"
    "memorysetup-gfx-thread-allocator-block-size=16777216"
    "memorysetup-cache-allocator-block-size=4194304"
    "memorysetup-typetree-allocator-block-size=2097152"
    "memorysetup-profiler-bucket-allocator-granularity=16"
    "memorysetup-profiler-bucket-allocator-bucket-count=8"
    "memorysetup-profiler-bucket-allocator-block-size=33554432"
    "memorysetup-profiler-bucket-allocator-block-count=8"
    "memorysetup-profiler-allocator-block-size=16777216"
    "memorysetup-profiler-editor-allocator-block-size=1048576"
    "memorysetup-temp-allocator-size-main=16777216"
    "memorysetup-job-temp-allocator-block-size=2097152"
    "memorysetup-job-temp-allocator-block-size-background=1048576"
    "memorysetup-job-temp-allocator-reduction-small-platforms=262144"
    "memorysetup-temp-allocator-size-background-worker=32768"
    "memorysetup-temp-allocator-size-job-worker=262144"
    "memorysetup-temp-allocator-size-preload-manager=33554432"
    "memorysetup-temp-allocator-size-nav-mesh-worker=65536"
    "memorysetup-temp-allocator-size-audio-worker=65536"
    "memorysetup-temp-allocator-size-cloud-worker=32768"
    "memorysetup-temp-allocator-size-gi-baking-worker=262144"
    "memorysetup-temp-allocator-size-gi-baking-worker=262144"
    "memorysetup-temp-allocator-size-gi-baking-worker=262144"
    "memorysetup-temp-allocator-size-gi-baking-worker=262144"
    "memorysetup-temp-allocator-size-gi-baking-worker=262144"
    "memorysetup-temp-allocator-size-gfx=262144"
Player connection [18296]  Target information:

Player connection [18296]  * "[IP] 10.64.2.2 [Port] 0 [Flags] 2 [Guid] 1254281239 [EditorId] 1254281239 [Version] 1048832 [Id] WindowsEditor(7,スラブツァーリズム) [Debug] 1 [PackageName] WindowsEditor [ProjectName] Editor" 

Player connection [18296] Host joined multi-casting on [225.0.0.222:54997]...
Player connection [18296] Host joined alternative multi-casting on [225.0.0.222:34997]...
JobSystem: Creating JobQueue using job-worker-count value 7
Input System module state changed to: Initialized.
[Physics::Module] Initialized fallback backend.
[Physics::Module] Id: 0xdecafbad
[Licensing::Client] Code 10 while verifying Licensing Client signature (process Id: 6564, path: "C:/Program Files/Unity Hub/UnityLicensingClient_V1/Unity.Licensing.Client.exe")
[Licensing::Module] LicensingClient has failed validation; ignoring
[Licensing::Client] Error: HandshakeResponse reported an error:
	ResponseCode: 505
	ResponseStatus: Unsupported protocol version '1.17.2'.
[Licensing::Module] Error: Failed to handshake to channel: "LicenseClient-k0K3KPsHPROkM7WsMGHAi"
[Licensing::IpcConnector] LicenseClient-k0K3KPsHPROkM7WsMGHAi channel disconnected successfully.
[Licensing::IpcConnector] Successfully connected to: "LicenseClient-Czarbek-6000.2.8" at "2025-12-10T05:20:33.7228417Z"
[Licensing::Client] Code 10 while verifying Licensing Client signature (process Id: 16072, path: "C:/Program Files/Unity/Hub/Editor/6000.2.8f1/Editor/Data/Resources/Licensing/Client/Unity.Licensing.Client.exe")
[Licensing::Module] LicensingClient has failed validation; ignoring
[Licensing::Client] Handshaking with LicensingClient:
  Version:                 1.17.2+ff71f16
  Session Id:              dcf17e1fce11410ea10bde7970456401
  Correlation Id:          9265b9aa192177afee3ed1468eb86025
  External correlation Id: 1686070110944504879
  Machine Id:              OmeqQOdQg21sbgpP65UuT/g5NKQ=
[Licensing::Module] Successfully connected to LicensingClient on channel: "LicenseClient-Czarbek-6000.2.8" (connect: 0.00s, validation: 0.00s, handshake: 0.01s)
[Licensing::IpcConnector] Successfully connected to: "LicenseClient-Czarbek-6000.2.8-notifications" at "2025-12-10T05:20:33.7377959Z"
[Licensing::Module] Licensing Background thread has ended after 0.08s
Library Redirect Path: Library/
[Physics::Module] Selected backend.
[Physics::Module] Name: PhysX
[Physics::Module] Id: 0xf2b8ea05
[Physics::Module] SDK Version: 4.1.2
[Physics::Module] Integration Version: 1.0.0
[Physics::Module] Threading Mode: Multi-Threaded
Refreshing native plugins compatible for Editor in 6.65 ms, found 4 plugins.
Preloading 0 native plugins for Editor in 0.00 ms.
Initialize engine version: 6000.2.8f1 (c9992ac36c34)
[Subsystems] Discovering subsystems at path C:/Program Files/Unity/Hub/Editor/6000.2.8f1/Editor/Data/Resources/UnitySubsystems
[Subsystems] Discovering subsystems at path C:/Users/Czarbek/Desktop/Boomerang/Assets
GfxDevice: creating device client; kGfxThreadingModeNonThreaded
Direct3D:
    Version:  Direct3D 11.0 [level 11.1]
    Renderer: AMD Radeon(TM) Graphics (ID=0x164c)
    Vendor:   ATI
    VRAM:     7876 MB
    Driver:   30.0.13016.3
Initialize mono
Mono path[0] = 'C:/Program Files/Unity/Hub/Editor/6000.2.8f1/Editor/Data/Managed'
Mono path[1] = 'C:/Program Files/Unity/Hub/Editor/6000.2.8f1/Editor/Data/MonoBleedingEdge/lib/mono/unityjit-win32'
Mono config path = 'C:/Program Files/Unity/Hub/Editor/6000.2.8f1/Editor/Data/MonoBleedingEdge/etc'
Using monoOptions --debugger-agent=transport=dt_socket,embedding=1,server=y,suspend=n,address=127.0.0.1:56352
Begin MonoManager ReloadAssembly
Registering precompiled unity dll's ...
Register platform support module: C:/Program Files/Unity/Hub/Editor/6000.2.8f1/Editor/Data/PlaybackEngines/WindowsStandaloneSupport/UnityEditor.WindowsStandalone.Extensions.dll
[Licensing::Client] Successfully resolved entitlement details
[Licensing::Module] License group:
  Id: F4-4ZQ3-P8RZ-UC5X-CAZP-XXXX
  Product: Unity Personal
  Type: ULF
  Expiration: Unlimited
[Licensing::Module] License group:
  Id: 15668189399079-UnityPersXXXX
  Product: Unity Personal
  Type: Assigned
  Expiration: Unlimited
Register platform support module: C:/Program Files/Unity/Hub/Editor/6000.2.8f1/Editor/Data/PlaybackEngines/AndroidPlayer/UnityEditor.Android.Extensions.dll
Registered in 0.008913 seconds.
- Loaded All Assemblies, in  0.665 seconds
Native extension for Android target not found
Android Extension - Scanning For ADB Devices 441 ms
Native extension for WindowsStandalone target not found
Mono: successfully reloaded assembly
- Finished resetting the current domain, in  1.135 seconds
Domain Reload Profiling: 1797ms
	BeginReloadAssembly (220ms)
		ExecutionOrderSort (0ms)
		DisableScriptedObjects (0ms)
		BackupInstance (0ms)
		ReleaseScriptingObjects (0ms)
		CreateAndSetChildDomain (1ms)
	RebuildCommonClasses (54ms)
	RebuildNativeTypeToScriptingClass (21ms)
	initialDomainReloadingComplete (89ms)
	LoadAllAssembliesAndSetupDomain (276ms)
		LoadAssemblies (217ms)
		RebuildTransferFunctionScriptingTraits (0ms)
		AnalyzeDomain (270ms)
			TypeCache.Refresh (268ms)
				TypeCache.ScanAssembly (247ms)
			BuildScriptInfoCaches (0ms)
			ResolveRequiredComponents (1ms)
	FinalizeReload (1135ms)
		ReleaseScriptCaches (0ms)
		RebuildScriptCaches (0ms)
		SetupLoadedEditorAssemblies (1074ms)
			LogAssemblyErrors (0ms)
			InitializePlatformSupportModulesInManaged (586ms)
			SetLoadedEditorAssemblies (7ms)
			BeforeProcessingInitializeOnLoad (136ms)
			ProcessInitializeOnLoadAttributes (235ms)
			ProcessInitializeOnLoadMethodAttributes (110ms)
			AfterProcessingInitializeOnLoad (0ms)
			EditorAssembliesLoaded (0ms)
		ExecutionOrderSort2 (0ms)
		AwakeInstancesAfterBackupRestoration (0ms)
========================================================================
Worker process is ready to serve import requests
Import Worker Mode flag is 0x00
Begin MonoManager ReloadAssembly
[Licensing::Client] Successfully resolved entitlement details
[Licensing::Module] License group:
  Id: F4-4ZQ3-P8RZ-UC5X-CAZP-XXXX
  Product: Unity Personal
  Type: ULF
  Expiration: Unlimited
[Licensing::Module] License group:
  Id: 15668189399079-UnityPersXXXX
  Product: Unity Personal
  Type: Assigned
  Expiration: Unlimited
- Loaded All Assemblies, in  1.237 seconds
Refreshing native plugins compatible for Editor in 3.26 ms, found 4 plugins.
Native extension for Android target not found
Native extension for WindowsStandalone target not found
Package Manager log level set to [2]
[Package Manager] Failed to launch server process. Reason: Unity was launched with the -noUpm command-line argument
[Package Manager] Unable to send message (not connected to server process).
[Package Manager] Cannot connect to Unity Package Manager local server
Mono: successfully reloaded assembly
- Finished resetting the current domain, in  1.035 seconds
Domain Reload Profiling: 2266ms
	BeginReloadAssembly (321ms)
		ExecutionOrderSort (0ms)
		DisableScriptedObjects (15ms)
		BackupInstance (0ms)
		ReleaseScriptingObjects (0ms)
		CreateAndSetChildDomain (59ms)
	RebuildCommonClasses (58ms)
	RebuildNativeTypeToScriptingClass (20ms)
	initialDomainReloadingComplete (59ms)
	LoadAllAssembliesAndSetupDomain (772ms)
		LoadAssemblies (581ms)
		RebuildTransferFunctionScriptingTraits (0ms)
		AnalyzeDomain (357ms)
			TypeCache.Refresh (283ms)
				TypeCache.ScanAssembly (255ms)
			BuildScriptInfoCaches (64ms)
			ResolveRequiredComponents (7ms)
	FinalizeReload (1036ms)
		ReleaseScriptCaches (0ms)
		RebuildScriptCaches (0ms)
		SetupLoadedEditorAssemblies (849ms)
			LogAssemblyErrors (0ms)
			InitializePlatformSupportModulesInManaged (17ms)
			SetLoadedEditorAssemblies (4ms)
			BeforeProcessingInitializeOnLoad (213ms)
			ProcessInitializeOnLoadAttributes (521ms)
			ProcessInitializeOnLoadMethodAttributes (85ms)
			AfterProcessingInitializeOnLoad (9ms)
			EditorAssembliesLoaded (0ms)
		ExecutionOrderSort2 (0ms)
		AwakeInstancesAfterBackupRestoration (10ms)
Launched and connected shader compiler UnityShaderCompiler.exe after 0.03 seconds
Refreshing native plugins compatible for Editor in 3.00 ms, found 4 plugins.
Preloading 0 native plugins for Editor in 0.00 ms.
Unloading 0 Unused Serialized files (Serialized files now loaded: 0)
Unloading 4539 unused Assets / (1.5 MB). Loaded Objects now: 5043.
Memory consumption went from 87.8 MB to 86.3 MB.
Total: 14.824200 ms (FindLiveObjects: 1.019000 ms CreateObjectMapping: 1.089500 ms MarkObjects: 9.694400 ms  DeleteObjects: 3.017000 ms)

========================================================================
Received Import Request.
  Time since last request: 85274.408685 seconds.
  path: Assets/Resources/GaugeFrame.prefab
  artifactKey: Guid(2d4325b9d1afdb244ac55283b3462eef) Importer(815301076,1909f56bfc062723c751e8b465ee728b)
Start importing Assets/Resources/GaugeFrame.prefab using Guid(2d4325b9d1afdb244ac55283b3462eef) Importer(815301076,1909f56bfc062723c751e8b465ee728b) (PreviewImporter) -> (artifact id: 'd843b5dad001e4a726aca8d87a06bff1') in 0.2379978 seconds
Number of updated asset objects reloaded before import = 0Number of asset objects unloaded after import = 7

========================================================================
Received Import Request.
  Time since last request: 0.000065 seconds.
  path: Assets/Resources/Player.prefab
  artifactKey: Guid(025e3bb9dff983d45b99889c9bc8d5c7) Importer(815301076,1909f56bfc062723c751e8b465ee728b)
Start importing Assets/Resources/Player.prefab using Guid(025e3bb9dff983d45b99889c9bc8d5c7) Importer(815301076,1909f56bfc062723c751e8b465ee728b) (PreviewImporter) -> (artifact id: '23d3e5725ee7356c695919722fb07478') in 0.0399497 seconds
Number of updated asset objects reloaded before import = 0Number of asset objects unloaded after import = 8

========================================================================
Received Import Request.
  Time since last request: 0.000045 seconds.
  path: Assets/Resources/icon_leaf.png
  artifactKey: Guid(b62fb548ca4957942808fb60b87a1fed) Importer(815301076,1909f56bfc062723c751e8b465ee728b)
Start importing Assets/Resources/icon_leaf.png using Guid(b62fb548ca4957942808fb60b87a1fed) Importer(815301076,1909f56bfc062723c751e8b465ee728b) (PreviewImporter) -> (artifact id: '00e83b4ed94b7dc1706ce8ca2946fb0a') in 0.0653802 seconds
Number of updated asset objects reloaded before import = 0Number of asset objects unloaded after import = 3

========================================================================
Received Import Request.
  Time since last request: 375.866713 seconds.
  path: Assets/Resources/ring_03.png
  artifactKey: Guid(d155af9795c99364bb26f328f5e983fe) Importer(815301076,1909f56bfc062723c751e8b465ee728b)
Start importing Assets/Resources/ring_03.png using Guid(d155af9795c99364bb26f328f5e983fe) Importer(815301076,1909f56bfc062723c751e8b465ee728b) (PreviewImporter) -> (artifact id: '057846979c27bc463061eadb3f4e5ba1') in 0.0261957 seconds
Number of updated asset objects reloaded before import = 0Number of asset objects unloaded after import = 3

========================================================================
Received Import Request.
  Time since last request: 0.005298 seconds.
  path: Assets/Resources/ring_05.png
  artifactKey: Guid(6e7f97da42fbfac4794dfb7cef720cb3) Importer(815301076,1909f56bfc062723c751e8b465ee728b)
Start importing Assets/Resources/ring_05.png using Guid(6e7f97da42fbfac4794dfb7cef720cb3) Importer(815301076,1909f56bfc062723c751e8b465ee728b) (PreviewImporter) -> (artifact id: 'd18aaa8e49236f99f246d66bc0b7a82f') in 0.0311145 seconds
Number of updated asset objects reloaded before import = 0Number of asset objects unloaded after import = 3

========================================================================
Received Import Request.
  Time since last request: 0.000027 seconds.
  path: Assets/Resources/RingEffect_.png
  artifactKey: Guid(7e3408e63db3c4e438a013bbb58753a1) Importer(815301076,1909f56bfc062723c751e8b465ee728b)
Start importing Assets/Resources/RingEffect_.png using Guid(7e3408e63db3c4e438a013bbb58753a1) Importer(815301076,1909f56bfc062723c751e8b465ee728b) (PreviewImporter) -> (artifact id: '86bdff8e6e19208fd19316e41554c7fa') in 0.0315669 seconds
Number of updated asset objects reloaded before import = 0Number of asset objects unloaded after import = 3

========================================================================
Received Import Request.
  Time since last request: 0.000033 seconds.
  path: Assets/Resources/testLogo.png
  artifactKey: Guid(4b012f8d4a9691041980ec03fc7e7d89) Importer(815301076,1909f56bfc062723c751e8b465ee728b)
Start importing Assets/Resources/testLogo.png using Guid(4b012f8d4a9691041980ec03fc7e7d89) Importer(815301076,1909f56bfc062723c751e8b465ee728b) (PreviewImporter) -> (artifact id: 'd45cae686c60fcaae1259edb82174545') in 0.0360785 seconds
Number of updated asset objects reloaded before import = 0Number of asset objects unloaded after import = 3

========================================================================
Received Import Request.
  Time since last request: 0.000034 seconds.
  path: Assets/Resources/title.png
  artifactKey: Guid(891e91d2ce468114484169f41e9abc0f) Importer(815301076,1909f56bfc062723c751e8b465ee728b)
Start importing Assets/Resources/title.png using Guid(891e91d2ce468114484169f41e9abc0f) Importer(815301076,1909f56bfc062723c751e8b465ee728b) (PreviewImporter) -> (artifact id: '35866adedc676d6f7399665de09fbae3') in 0.0386882 seconds
Number of updated asset objects reloaded before import = 0Number of asset objects unloaded after import = 3

========================================================================
Received Import Request.
  Time since last request: 0.000058 seconds.
  path: Assets/Resources/se_19.wav
  artifactKey: Guid(a57a458cd1b68c74db2bbcec87cc5207) Importer(815301076,1909f56bfc062723c751e8b465ee728b)
Start importing Assets/Resources/se_19.wav using Guid(a57a458cd1b68c74db2bbcec87cc5207) Importer(815301076,1909f56bfc062723c751e8b465ee728b) (PreviewImporter) -> (artifact id: 'e994c7b608a6cda5347d5b12b7ec77bc') in 0.070902 seconds
Number of updated asset objects reloaded before import = 0Number of asset objects unloaded after import = 2

========================================================================
Received Import Request.
  Time since last request: 0.000064 seconds.
  path: Assets/Resources/se_04.wav
  artifactKey: Guid(bc8395ca7f947c4478ec899d211f37fa) Importer(815301076,1909f56bfc062723c751e8b465ee728b)
Start importing Assets/Resources/se_04.wav using Guid(bc8395ca7f947c4478ec899d211f37fa) Importer(815301076,1909f56bfc062723c751e8b465ee728b) (PreviewImporter) -> (artifact id: '9665bd0b5369318d5f7d3e1fb7cdfdd1') in 0.0283694 seconds
Number of updated asset objects reloaded before import = 0Number of asset objects unloaded after import = 2

========================================================================
Received Import Request.
  Time since last request: 0.000036 seconds.
  path: Assets/Resources/se_03.wav
  artifactKey: Guid(59ffde00f13f1a2488676f49c0ef5414) Importer(815301076,1909f56bfc062723c751e8b465ee728b)
Start importing Assets/Resources/se_03.wav using Guid(59ffde00f13f1a2488676f49c0ef5414) Importer(815301076,1909f56bfc062723c751e8b465ee728b) (PreviewImporter) -> (artifact id: '51548071bd211fe8ff9f0eeca2118e85') in 0.01481 seconds
Number of updated asset objects reloaded before import = 0Number of asset objects unloaded after import = 2

========================================================================
Received Import Request.
  Time since last request: 0.000033 seconds.
  path: Assets/Resources/se_02.wav
  artifactKey: Guid(a75748475d854dc4a8c6860418f015dd) Importer(815301076,1909f56bfc062723c751e8b465ee728b)
Start importing Assets/Resources/se_02.wav using Guid(a75748475d854dc4a8c6860418f015dd) Importer(815301076,1909f56bfc062723c751e8b465ee728b) (PreviewImporter) -> (artifact id: '1e882854d84ff2e45a78665b4cf04d5f') in 0.0219665 seconds
Number of updated asset objects reloaded before import = 0Number of asset objects unloaded after import = 2

========================================================================
Received Import Request.
  Time since last request: 0.000040 seconds.
  path: Assets/Resources/se_07.wav
  artifactKey: Guid(c81012f9afa42cb45b16d0ec990ad4cc) Importer(815301076,1909f56bfc062723c751e8b465ee728b)
Start importing Assets/Resources/se_07.wav using Guid(c81012f9afa42cb45b16d0ec990ad4cc) Importer(815301076,1909f56bfc062723c751e8b465ee728b) (PreviewImporter) -> (artifact id: '8aed5fddb19482c5d3a922973943745c') in 0.021951 seconds
Number of updated asset objects reloaded before import = 0Number of asset objects unloaded after import = 2

========================================================================
Received Import Request.
  Time since last request: 0.000046 seconds.
  path: Assets/Resources/se_17.wav
  artifactKey: Guid(629520f2194b5824f9440ed8115a420f) Importer(815301076,1909f56bfc062723c751e8b465ee728b)
Start importing Assets/Resources/se_17.wav using Guid(629520f2194b5824f9440ed8115a420f) Importer(815301076,1909f56bfc062723c751e8b465ee728b) (PreviewImporter) -> (artifact id: 'be2a0eaf7b0c8554dc496a2c3a34cc4c') in 0.02445 seconds
Number of updated asset objects reloaded before import = 0Number of asset objects unloaded after import = 2

========================================================================
Received Import Request.
  Time since last request: 0.000040 seconds.
  path: Assets/Resources/ring_06.png
  artifactKey: Guid(97fc98816d545e441a1af857cddf4a99) Importer(815301076,1909f56bfc062723c751e8b465ee728b)
Start importing Assets/Resources/ring_06.png using Guid(97fc98816d545e441a1af857cddf4a99) Importer(815301076,1909f56bfc062723c751e8b465ee728b) (PreviewImporter) -> (artifact id: 'e726f70e87212e4b3ab129170900b880') in 0.033151 seconds
Number of updated asset objects reloaded before import = 0Number of asset objects unloaded after import = 3

========================================================================
Received Import Request.
  Time since last request: 0.000031 seconds.
  path: Assets/Resources/se_11.wav
  artifactKey: Guid(0044959a2bad133438a3d2c4ddebe3a9) Importer(815301076,1909f56bfc062723c751e8b465ee728b)
Start importing Assets/Resources/se_11.wav using Guid(0044959a2bad133438a3d2c4ddebe3a9) Importer(815301076,1909f56bfc062723c751e8b465ee728b) (PreviewImporter) -> (artifact id: '97c84466586f1faaf06345c447a2b9b0') in 0.030789 seconds
Number of updated asset objects reloaded before import = 0Number of asset objects unloaded after import = 2

========================================================================
Received Import Request.
  Time since last request: 0.000046 seconds.
  path: Assets/Resources/RingEffect.prefab
  artifactKey: Guid(60787048eb5c79a4ba06f9cc2fe1461b) Importer(815301076,1909f56bfc062723c751e8b465ee728b)
Start importing Assets/Resources/RingEffect.prefab using Guid(60787048eb5c79a4ba06f9cc2fe1461b) Importer(815301076,1909f56bfc062723c751e8b465ee728b) (PreviewImporter) -> (artifact id: '84b59faef8186807affcc931c0e935e7') in 0.0321835 seconds
Number of updated asset objects reloaded before import = 0Number of asset objects unloaded after import = 8

========================================================================
Received Import Request.
  Time since last request: 0.000036 seconds.
  path: Assets/Resources/UnderGauge.prefab
  artifactKey: Guid(8d018f3b3d7b6134ab65603af918c5f1) Importer(815301076,1909f56bfc062723c751e8b465ee728b)
Start importing Assets/Resources/UnderGauge.prefab using Guid(8d018f3b3d7b6134ab65603af918c5f1) Importer(815301076,1909f56bfc062723c751e8b465ee728b) (PreviewImporter) -> (artifact id: 'b8fcf6f9c6cfff022af69826d64b8f45') in 0.0324249 seconds
Number of updated asset objects reloaded before import = 0Number of asset objects unloaded after import = 7

========================================================================
Received Import Request.
  Time since last request: 0.000031 seconds.
  path: Assets/Resources/ring_09.png
  artifactKey: Guid(542abebd96c446a4a832e895a39baae4) Importer(815301076,1909f56bfc062723c751e8b465ee728b)
Start importing Assets/Resources/ring_09.png using Guid(542abebd96c446a4a832e895a39baae4) Importer(815301076,1909f56bfc062723c751e8b465ee728b) (PreviewImporter) -> (artifact id: 'c903f7ca3706cef55d074bcb37e658e4') in 0.0323003 seconds
Number of updated asset objects reloaded before import = 0Number of asset objects unloaded after import = 3

Editor requested this worker to shutdown with reason: Scaling down because of idle timeout
AssetImportWorker is now disconnected from the server
Process exiting
Exiting without the bug reporter. Application will terminate with return code 0